<?xml version="1.0" encoding="UTF-8"?>
<!-- Generated by org.testng.reporters.JUnitReportReporter -->
<testsuite hostname="DESKTOP-5U5S9AV" failures="0" tests="4" name="roman.jenkins.FreestyleTest" time="12.702" errors="0" timestamp="2024-05-22T22:53:23 CEST" skipped="3">
  <testcase classname="roman.jenkins.FreestyleTest" name="testCreate" time="12.702"/>
  <testcase classname="roman.jenkins.FreestyleTest" name="testRenameFreestyleProject">
    <skipped/>
  </testcase> <!-- testRenameFreestyleProject -->
  <testcase classname="roman.jenkins.FreestyleTest" name="testCreateWithSameName">
    <skipped/>
  </testcase> <!-- testCreateWithSameName -->
  <testcase classname="roman.jenkins.FreestyleTest" name="testisExistFreestyleProject">
    <skipped/>
  </testcase> <!-- testisExistFreestyleProject -->
</testsuite> <!-- roman.jenkins.FreestyleTest -->
