<?xml version="1.0" encoding="UTF-8"?>
<!-- Generated by org.testng.reporters.JUnitReportReporter -->
<testsuite hostname="DESKTOP-5U5S9AV" failures="0" tests="2" name="roman.jenkins.FolderTest" time="23.240" errors="0" timestamp="2024-05-21T11:54:26 CEST" skipped="0">
  <testcase classname="roman.jenkins.FolderTest" name="testCreate" time="14.041"/>
  <testcase classname="roman.jenkins.FolderTest" name="testRename" time="9.199"/>
</testsuite> <!-- roman.jenkins.FolderTest -->
