<?xml version="1.0" encoding="UTF-8"?>
<!-- Generated by org.testng.reporters.JUnitReportReporter -->
<testsuite hostname="DESKTOP-5U5S9AV" failures="0" tests="7" name="roman.jenkins.FreestyleTest" time="41.060" errors="0" timestamp="2024-06-02T23:03:27 CEST" skipped="1">
  <testcase classname="roman.jenkins.FreestyleTest" name="testCreate" time="7.239"/>
  <testcase classname="roman.jenkins.FreestyleTest" name="testCreateWithSameName" time="6.685"/>
  <testcase classname="roman.jenkins.FreestyleTest" name="testisExistFreestyleProject" time="0.741"/>
  <testcase classname="roman.jenkins.FreestyleTest" name="testRenameFreestyleProject" time="8.707"/>
  <testcase classname="roman.jenkins.FreestyleTest" name="testAddDescriptions" time="3.478"/>
  <testcase classname="roman.jenkins.FreestyleTest" name="testDeleteProject" time="14.210"/>
  <testcase classname="roman.jenkins.FreestyleTest" name="testRenameProject">
    <skipped/>
  </testcase> <!-- testRenameProject -->
</testsuite> <!-- roman.jenkins.FreestyleTest -->
