<?xml version="1.0" encoding="UTF-8"?>
<!-- Generated by org.testng.reporters.JUnitReportReporter -->
<testsuite hostname="DESKTOP-5U5S9AV" failures="0" tests="7" name="roman.jenkins.FreestyleTest" time="32.641" errors="0" timestamp="2024-06-03T11:34:53 CEST" skipped="1">
  <testcase classname="roman.jenkins.FreestyleTest" name="testDeleteProject" time="14.287"/>
  <testcase classname="roman.jenkins.FreestyleTest" name="testCreate" time="2.567"/>
  <testcase classname="roman.jenkins.FreestyleTest" name="testAddDescriptions" time="6.887"/>
  <testcase classname="roman.jenkins.FreestyleTest" name="testRenameFreestyleProject" time="6.247"/>
  <testcase classname="roman.jenkins.FreestyleTest" name="testCreateWithSameName" time="0.744"/>
  <testcase classname="roman.jenkins.FreestyleTest" name="testisExistFreestyleProject" time="1.909"/>
  <testcase classname="roman.jenkins.FreestyleTest" name="testRenameProject">
    <skipped/>
  </testcase> <!-- testRenameProject -->
</testsuite> <!-- roman.jenkins.FreestyleTest -->
