<?xml version="1.0" encoding="UTF-8"?>
<!-- Generated by org.testng.reporters.JUnitReportReporter -->
<testsuite hostname="DESKTOP-5U5S9AV" failures="0" tests="7" name="roman.jenkins.runner.order.OrderForTestsTest" time="0.053" errors="0" timestamp="2024-05-21T12:16:35 CEST" skipped="0">
  <testcase classname="roman.jenkins.runner.order.OrderForTestsTest" name="orderMethodsNoDepTest" time="0.004"/>
  <testcase classname="roman.jenkins.runner.order.OrderForTestsTest" name="orderMethodsCycleDepTest" time="0.013"/>
  <testcase classname="roman.jenkins.runner.order.OrderForTestsTest" name="orderMethodsTest" time="0.018"/>
  <testcase classname="roman.jenkins.runner.order.OrderForTestsTest" name="orderMethodsForkDownDepTest" time="0.004"/>
  <testcase classname="roman.jenkins.runner.order.OrderForTestsTest" name="orderMethodsOneGroupDepTest" time="0.005"/>
  <testcase classname="roman.jenkins.runner.order.OrderForTestsTest" name="orderMethodsForkUpDepTest" time="0.006"/>
  <testcase classname="roman.jenkins.runner.order.OrderForTestsTest" name="orderMethodsTwoDifferentGroupsDepTest" time="0.003"/>
</testsuite> <!-- roman.jenkins.runner.order.OrderForTestsTest -->
