<?xml version="1.0" encoding="UTF-8"?>
<!-- Generated by org.testng.reporters.JUnitReportReporter -->
<testsuite hostname="DESKTOP-5U5S9AV" failures="0" tests="7" name="roman.jenkins.runner.order.OrderForTestsTest" time="0.024" errors="0" timestamp="2024-06-03T11:34:53 CEST" skipped="0">
  <testcase classname="roman.jenkins.runner.order.OrderForTestsTest" name="orderMethodsNoDepTest" time="0.003"/>
  <testcase classname="roman.jenkins.runner.order.OrderForTestsTest" name="orderMethodsOneGroupDepTest" time="0.002"/>
  <testcase classname="roman.jenkins.runner.order.OrderForTestsTest" name="orderMethodsCycleDepTest" time="0.011"/>
  <testcase classname="roman.jenkins.runner.order.OrderForTestsTest" name="orderMethodsTest" time="0.002"/>
  <testcase classname="roman.jenkins.runner.order.OrderForTestsTest" name="orderMethodsTwoDifferentGroupsDepTest" time="0.002"/>
  <testcase classname="roman.jenkins.runner.order.OrderForTestsTest" name="orderMethodsForkUpDepTest" time="0.002"/>
  <testcase classname="roman.jenkins.runner.order.OrderForTestsTest" name="orderMethodsForkDownDepTest" time="0.002"/>
</testsuite> <!-- roman.jenkins.runner.order.OrderForTestsTest -->
