<?xml version="1.0" encoding="UTF-8"?>
<!-- Generated by org.testng.reporters.JUnitReportReporter -->
<testsuite hostname="DESKTOP-5U5S9AV" failures="0" tests="7" name="roman.jenkins.FreestyleTest" time="39.882" errors="0" timestamp="2024-06-03T12:57:41 CEST" skipped="1">
  <testcase classname="roman.jenkins.FreestyleTest" name="testAddDescriptions" time="1.712"/>
  <testcase classname="roman.jenkins.FreestyleTest" name="testisExistFreestyleProject" time="6.401"/>
  <testcase classname="roman.jenkins.FreestyleTest" name="testCreate" time="5.995"/>
  <testcase classname="roman.jenkins.FreestyleTest" name="testRenameFreestyleProject" time="3.241"/>
  <testcase classname="roman.jenkins.FreestyleTest" name="testCreateWithSameName" time="0.822"/>
  <testcase classname="roman.jenkins.FreestyleTest" name="testDeleteProject" time="21.711"/>
  <testcase classname="roman.jenkins.FreestyleTest" name="testRenameProject">
    <skipped/>
  </testcase> <!-- testRenameProject -->
</testsuite> <!-- roman.jenkins.FreestyleTest -->
